app/build/outputs/mapping/release/seeds.txt
com.readboy.Q.HappyDoodle.GuideBK
com.readboy.Q.HappyDoodle.GuideBK: GuideBK(android.content.Context)
com.readboy.Q.HappyDoodle.GuideBK: GuideBK(android.content.Context,android.util.AttributeSet)
com.readboy.Q.HappyDoodle.GuideBK: void setIsRunning(boolean)
com.readboy.Q.HappyDoodle.GuideBK: boolean getIsRunning()
com.readboy.Q.HappyDoodle.GuideBK: void setCallback(com.readboy.Q.HappyDoodle.GuideBK$GuideBKCallback)
com.readboy.Q.HappyDoodle.HappyDoodleActivity
com.readboy.Q.HappyDoodle.HappyDoodleActivity: HappyDoodleActivity()
com.readboy.Q.HappyDoodle.HappyDoodleApp
com.readboy.Q.HappyDoodle.HappyDoodleApp: HappyDoodleApp()
com.readboy.Q.HappyDoodle.OpusShow.OpusShowActivity
com.readboy.Q.HappyDoodle.OpusShow.OpusShowActivity: OpusShowActivity()
com.readboy.Q.HappyDoodle.R$anim: int push_down_in
com.readboy.Q.HappyDoodle.R$anim: int push_up_out
com.readboy.Q.HappyDoodle.R$anim: int slide_in_bottom
com.readboy.Q.HappyDoodle.R$anim: int slide_in_top
com.readboy.Q.HappyDoodle.R$anim: int slide_out_bottom
com.readboy.Q.HappyDoodle.R$anim: int slide_out_up
com.readboy.Q.HappyDoodle.R$drawable: int ask_dialog
com.readboy.Q.HappyDoodle.R$drawable: int canvas_0
com.readboy.Q.HappyDoodle.R$drawable: int delete_hint
com.readboy.Q.HappyDoodle.R$drawable: int doodle_bk
com.readboy.Q.HappyDoodle.R$drawable: int empty_photo
com.readboy.Q.HappyDoodle.R$drawable: int exit_silkworm
com.readboy.Q.HappyDoodle.R$drawable: int exitbaby_hint
com.readboy.Q.HappyDoodle.R$drawable: int guide_close_button_01
com.readboy.Q.HappyDoodle.R$drawable: int guide_close_button_02
com.readboy.Q.HappyDoodle.R$drawable: int guide_close_button_selector
com.readboy.Q.HappyDoodle.R$drawable: int ic_empty
com.readboy.Q.HappyDoodle.R$drawable: int ic_error
com.readboy.Q.HappyDoodle.R$drawable: int ic_launcher
com.readboy.Q.HappyDoodle.R$drawable: int ic_stub
com.readboy.Q.HappyDoodle.R$drawable: int ic_stub_1
com.readboy.Q.HappyDoodle.R$drawable: int ic_stub_2
com.readboy.Q.HappyDoodle.R$drawable: int icon_bk
com.readboy.Q.HappyDoodle.R$drawable: int last_color_page_01
com.readboy.Q.HappyDoodle.R$drawable: int last_color_page_02
com.readboy.Q.HappyDoodle.R$drawable: int last_color_page_selector
com.readboy.Q.HappyDoodle.R$drawable: int mouse_click0
com.readboy.Q.HappyDoodle.R$drawable: int mouse_click1
com.readboy.Q.HappyDoodle.R$drawable: int mouse_click10
com.readboy.Q.HappyDoodle.R$drawable: int mouse_click11
com.readboy.Q.HappyDoodle.R$drawable: int mouse_click2
com.readboy.Q.HappyDoodle.R$drawable: int mouse_click3
com.readboy.Q.HappyDoodle.R$id: int bk
com.readboy.Q.HappyDoodle.R$id: int closeBtn
com.readboy.Q.HappyDoodle.R$id: int delOpusBtn
com.readboy.Q.HappyDoodle.R$id: int doodle_view
com.readboy.Q.HappyDoodle.R$id: int hintText
com.readboy.Q.HappyDoodle.R$id: int image
com.readboy.Q.HappyDoodle.R$id: int lastColorPageBtn
com.readboy.Q.HappyDoodle.R$id: int lastOpusBtn
com.readboy.Q.HappyDoodle.R$id: int loading
com.readboy.Q.HappyDoodle.R$id: int mouse
com.readboy.Q.HappyDoodle.R$id: int myMainLayout
com.readboy.Q.HappyDoodle.R$id: int nextCanvasBtn
com.readboy.Q.HappyDoodle.R$id: int nextColorPageBtn
com.readboy.Q.HappyDoodle.R$id: int nextOpusBtn
com.readboy.Q.HappyDoodle.R$id: int noBtn
com.readboy.Q.HappyDoodle.R$id: int opusBtn
com.readboy.Q.HappyDoodle.R$id: int page_indicator
com.readboy.Q.HappyDoodle.R$id: int progressBar
com.readboy.Q.HappyDoodle.R$id: int showBtn
com.readboy.Q.HappyDoodle.R$id: int title
com.readboy.Q.HappyDoodle.R$id: int uploadBtn
com.readboy.Q.HappyDoodle.R$id: int viewpager
com.readboy.Q.HappyDoodle.R$id: int yesBtn
...
android.app.ReadboyActivity: ReadboyActivity()
android.support.annotation.Keep
android.support.v4.app.BackStackState: android.os.Parcelable$Creator CREATOR
android.support.v4.app.Fragment$SavedState: android.os.Parcelable$Creator CREATOR
android.support.v4.app.FragmentManagerState: android.os.Parcelable$Creator CREATOR
android.support.v4.app.FragmentState: android.os.Parcelable$Creator CREATOR
android.support.v4.app.FragmentTabHost: void setOnTabChangedListener(android.widget.TabHost$OnTabChangeListener)
android.support.v4.app.FragmentTabHost$SavedState: android.os.Parcelable$Creator CREATOR
android.support.v4.content.ModernAsyncTask$Status: android.support.v4.content.ModernAsyncTask$Status[] values()
android.support.v4.content.ModernAsyncTask$Status: android.support.v4.content.ModernAsyncTask$Status valueOf(java.lang.String)
android.support.v4.media.MediaBrowserCompat$MediaItem: android.os.Parcelable$Creator CREATOR
android.support.v4.media.MediaDescriptionCompat: android.os.Parcelable$Creator CREATOR
android.support.v4.media.MediaMetadataCompat: android.os.Parcelable$Creator CREATOR
android.support.v4.media.RatingCompat: android.os.Parcelable$Creator CREATOR
android.support.v4.media.session.MediaSessionCompat$QueueItem: android.os.Parcelable$Creator CREATOR
android.support.v4.media.session.MediaSessionCompat$ResultReceiverWrapper: android.os.Parcelable$Creator CREATOR
android.support.v4.media.session.MediaSessionCompat$Token: android.os.Parcelable$Creator CREATOR
android.support.v4.media.session.ParcelableVolumeInfo: android.os.Parcelable$Creator CREATOR
android.support.v4.media.session.PlaybackStateCompat: android.os.Parcelable$Creator CREATOR
android.support.v4.media.session.PlaybackStateCompat$CustomAction: android.os.Parcelable$Creator CREATOR
android.support.v4.os.ResultReceiver: android.os.Parcelable$Creator CREATOR
android.support.v4.view.AbsSavedState: android.os.Parcelable$Creator CREATOR
android.support.v4.view.PagerTabStrip: void setTabIndicatorColor(int)
android.support.v4.view.PagerTabStrip: void setTabIndicatorColorResource(int)
android.support.v4.view.PagerTabStrip: int getTabIndicatorColor()
android.support.v4.view.PagerTabStrip: void setTextSpacing(int)
android.support.v4.view.PagerTabStrip: void setBackgroundDrawable(android.graphics.drawable.Drawable)
android.support.v4.view.PagerTabStrip: void setBackgroundColor(int)
android.support.v4.view.PagerTabStrip: void setBackgroundResource(int)
android.support.v4.view.PagerTabStrip: void setDrawFullUnderline(boolean)
android.support.v4.view.PagerTabStrip: boolean getDrawFullUnderline()
android.support.v4.view.PagerTabStrip: int getMinHeight()
android.support.v4.view.PagerTitleStrip: void setSingleLineAllCaps(android.widget.TextView)
android.support.v4.view.PagerTitleStrip: void setTextSpacing(int)
android.support.v4.view.PagerTitleStrip: int getTextSpacing()
android.support.v4.view.PagerTitleStrip: void setNonPrimaryAlpha(float)
android.support.v4.view.PagerTitleStrip: void setTextColor(int)
android.support.v4.view.PagerTitleStrip: void setGravity(int)
android.support.v4.view.PagerTitleStrip: int getMinHeight()