app/build/outputs/mapping/release/mapping.txt
com.readboy.Q.HappyDoodle.GuideBK -> com.readboy.Q.HappyDoodle.GuideBK:
    android.view.SurfaceHolder mSHolder -> a
    java.util.Timer timer -> b
    java.util.TimerTask task -> c
    int timeout -> d
    int mTimeCount -> e
    int mTotalPic -> f
    java.lang.String mPicDir -> g
    boolean isSurfaceCreated -> h
    boolean isRunning -> i
    boolean mIsNeedResumeAnim -> j
    boolean isDestroy -> k
    android.content.Context mContext -> l
    int mWidth -> m
    java.util.ArrayList imageCache -> n
    com.readboy.Q.HappyDoodle.GuideBK$GuideBKCallback guideBKCallback -> o
    void <init>(android.content.Context) -> <init>
    void <init>(android.content.Context,android.util.AttributeSet) -> <init>
    void init(android.content.Context,android.util.AttributeSet) -> a
    void surfaceCreated(android.view.SurfaceHolder) -> surfaceCreated
    void surfaceChanged(android.view.SurfaceHolder,int,int,int) -> surfaceChanged
    void surfaceDestroyed(android.view.SurfaceHolder) -> surfaceDestroyed
    boolean onTouchEvent(android.view.MotionEvent) -> onTouchEvent
    void onDetachedFromWindow() -> onDetachedFromWindow
    void freeImageCache() -> c
    void beginAnim() -> a
    void stopAnim() -> b
    void drawOnePic(java.lang.String) -> a
    void setIsRunning(boolean) -> setIsRunning
    boolean getIsRunning() -> getIsRunning
    void setCallback(com.readboy.Q.HappyDoodle.GuideBK$GuideBKCallback) -> setCallback
    int access$008(com.readboy.Q.HappyDoodle.GuideBK) -> a
com.readboy.Q.HappyDoodle.GuideBK$DecodeBitmapThread -> com.readboy.Q.HappyDoodle.GuideBK$a:
    com.readboy.Q.HappyDoodle.GuideBK this$0 -> a
    void <init>(com.readboy.Q.HappyDoodle.GuideBK) -> <init>
    void run() -> run
com.readboy.Q.HappyDoodle.GuideBK$GuideBKCallback -> com.readboy.Q.HappyDoodle.GuideBK$b:
    void nextScene() -> a
com.readboy.Q.HappyDoodle.GuideBK$MyTimerTask -> com.readboy.Q.HappyDoodle.GuideBK$c:
    com.readboy.Q.HappyDoodle.GuideBK this$0 -> a
    void <init>(com.readboy.Q.HappyDoodle.GuideBK) -> <init>
    void run() -> run
com.readboy.Q.HappyDoodle.HappyDoodleActivity -> com.readboy.Q.HappyDoodle.HappyDoodleActivity:
    int apMode -> b
    com.readboy.Q.HappyDoodle.GuideBK guideBK -> c
    com.readboy.Q.HappyDoodle.TitleView mTitleView -> d
    com.readboy.Q.HappyDoodle.data.DataManager dataManager -> e
    int mAge -> f
    android.media.MediaPlayer mMediaPlayer -> g
    boolean mIsSndPause -> h
    boolean mHasFocus -> i
    boolean mHasPause -> j
    android.os.Handler mMainHandler -> k
    boolean isNeedEnterNextAct -> l
    android.os.PowerManager pm -> a
    java.lang.String babyPicPath0 -> m
    java.lang.String babyPicPath1 -> n
    long lastClickTime -> o
    void <init>() -> <init>
    boolean onInit() -> a
    void onNewIntent(android.content.Intent) -> onNewIntent
    void onContinue() -> e
    void onReinit() -> b
    void onSuspend() -> d
    void onHalt() -> g
    void onExit() -> c
    void onWindowFocusChanged(boolean) -> onWindowFocusChanged
    com.readboy.Q.HappyDoodle.GuideBK getGuideBK() -> i
    boolean getHasPause() -> j
    android.os.Handler getMainHandler() -> k
    void playEnterSound() -> l
    void playEnterSelectActSound() -> m
    void enterSelectCanvasAct() -> n
    boolean onKeyUp(int,android.view.KeyEvent) -> onKeyUp
    long access$000(com.readboy.Q.HappyDoodle.HappyDoodleActivity) -> a
    void access$100(com.readboy.Q.HappyDoodle.HappyDoodleActivity) -> b
    long access$002(com.readboy.Q.HappyDoodle.HappyDoodleActivity,long) -> a
com.readboy.Q.HappyDoodle.HappyDoodleActivity$1 -> com.readboy.Q.HappyDoodle.HappyDoodleActivity$1:
    com.readboy.Q.HappyDoodle.HappyDoodleActivity this$0 -> a
    void <init>(com.readboy.Q.HappyDoodle.HappyDoodleActivity) -> <init>
    void nextScene() -> a
...
android.support.v4.view.OnApplyWindowInsetsListener -> android.support.v4.view.m:
    android.support.v4.view.WindowInsetsCompat onApplyWindowInsets(android.view.View,android.support.v4.view.WindowInsetsCompat) -> a
android.support.v4.view.PagerAdapter -> android.support.v4.view.n:
    android.database.DataSetObservable mObservable -> a
    android.database.DataSetObserver mViewPagerObserver -> b
    void <init>() -> <init>
    int getCount() -> a
    void startUpdate(android.view.ViewGroup) -> a
    java.lang.Object instantiateItem(android.view.ViewGroup,int) -> a
    void destroyItem(android.view.ViewGroup,int,java.lang.Object) -> a
    void setPrimaryItem(android.view.ViewGroup,int,java.lang.Object) -> b
    void finishUpdate(android.view.ViewGroup) -> b
    void startUpdate(android.view.View) -> a
    java.lang.Object instantiateItem(android.view.View,int) -> a
    void destroyItem(android.view.View,int,java.lang.Object) -> a
    void setPrimaryItem(android.view.View,int,java.lang.Object) -> b
    void finishUpdate(android.view.View) -> b
    boolean isViewFromObject(android.view.View,java.lang.Object) -> a
    android.os.Parcelable saveState() -> b
    void restoreState(android.os.Parcelable,java.lang.ClassLoader) -> a
    int getItemPosition(java.lang.Object) -> a
    void notifyDataSetChanged() -> c
    void setViewPagerObserver(android.database.DataSetObserver) -> a
    float getPageWidth(int) -> a
android.support.v4.view.ScrollingView -> android.support.v4.view.o:
    int computeHorizontalScrollRange() -> a
    int computeHorizontalScrollOffset() -> b
    int computeHorizontalScrollExtent() -> c
    int computeVerticalScrollRange() -> d
    int computeVerticalScrollOffset() -> e
    int computeVerticalScrollExtent() -> f
android.support.v4.view.VelocityTrackerCompat -> android.support.v4.view.p:
    android.support.v4.view.VelocityTrackerCompat$VelocityTrackerVersionImpl IMPL -> a
    float getXVelocity(android.view.VelocityTracker,int) -> a
    float getYVelocity(android.view.VelocityTracker,int) -> b
    void <clinit>() -> <clinit>
android.support.v4.view.VelocityTrackerCompat$BaseVelocityTrackerVersionImpl -> android.support.v4.view.p$a:
    void <init>() -> <init>
    float getXVelocity(android.view.VelocityTracker,int) -> a
    float getYVelocity(android.view.VelocityTracker,int) -> b
android.support.v4.view.VelocityTrackerCompat$HoneycombVelocityTrackerVersionImpl -> android.support.v4.view.p$b:
    void <init>() -> <init>
    float getXVelocity(android.view.VelocityTracker,int) -> a
    float getYVelocity(android.view.VelocityTracker,int) -> b
android.support.v4.view.VelocityTrackerCompat$VelocityTrackerVersionImpl -> android.support.v4.view.p$c:
    float getXVelocity(android.view.VelocityTracker,int) -> a
    float getYVelocity(android.view.VelocityTracker,int) -> b
android.support.v4.view.VelocityTrackerCompatHoneycomb -> android.support.v4.view.q:
    float getXVelocity(android.view.VelocityTracker,int) -> a
    float getYVelocity(android.view.VelocityTracker,int) -> b