app/build/outputs/mapping/release/usage.txt
com.readboy.Q.HappyDoodle.BuildConfig
com.readboy.Q.HappyDoodle.GuideBK:
    private static final java.lang.String TAG
com.readboy.Q.HappyDoodle.HappyDoodleActivity:
    private static final java.lang.String TAG
    public static final int MSG_PLAY_ENTERSELECTACT_SOUND
    168:175:private void autoUpdateInit()
    179:180:public void printTask()
    287:287:public int getAge()
com.readboy.Q.HappyDoodle.HappyDoodleApp:
    private static final java.lang.String TAG
    public static final boolean DEBUG
com.readboy.Q.HappyDoodle.OpusShow.OpusShowActivity:
    private static final java.lang.String TAG
    private static final int COUNT_SUM
    private static final int MSG_TIMER
    146:170:private void playHintSnd()
    44:44:static synthetic android.media.MediaPlayer access$300(com.readboy.Q.HappyDoodle.OpusShow.OpusShowActivity)
    44:44:static synthetic int access$400(com.readboy.Q.HappyDoodle.OpusShow.OpusShowActivity)
    44:44:static synthetic boolean access$500(com.readboy.Q.HappyDoodle.OpusShow.OpusShowActivity)
    44:44:static synthetic boolean access$600(com.readboy.Q.HappyDoodle.OpusShow.OpusShowActivity)
com.readboy.Q.HappyDoodle.OpusShow.OpusShowActivity$MyOnCompleteListenner
com.readboy.Q.HappyDoodle.OpusShow.OpusShowActivity$MyOnTouchListener
com.readboy.Q.HappyDoodle.OpusShow.OpusShowViewPagerAdapter:
    private static final java.lang.String TAG
com.readboy.Q.HappyDoodle.R
com.readboy.Q.HappyDoodle.R$anim
com.readboy.Q.HappyDoodle.R$drawable
com.readboy.Q.HappyDoodle.R$id
com.readboy.Q.HappyDoodle.R$layout
com.readboy.Q.HappyDoodle.R$string
com.readboy.Q.HappyDoodle.R$style
com.readboy.Q.HappyDoodle.SelectCanvas.MyGridViewAdapter:
    private static final java.lang.String TAG
com.readboy.Q.HappyDoodle.SelectCanvas.MyLayout:
    private static final java.lang.String TAG
com.readboy.Q.HappyDoodle.SelectCanvas.SelectCanvasActivity:
    private static final java.lang.String TAG
    private static final java.lang.String SAVE_KEY_AGE
    private static final java.lang.String SAVE_KEY_CURPAGE
    private static final java.lang.String SAVE_KEY_APMODE
    233:240:private int getAgeFromDB()
    250:264:private int getDataFromDb(java.lang.String,int)
    299:300:public static void setIsSndPause(boolean)
com.readboy.Q.HappyDoodle.SelectCanvas.ViewPagerAdapter:
    private static final java.lang.String TAG
com.readboy.Q.HappyDoodle.TitleView:
    private static final java.lang.String TAG
    private int mHeight
    139:149:private void freeImageCache()
com.readboy.Q.HappyDoodle.data.Constant:
    public static final int MODE_NORMAL
    public static final int MODE_SILKWORM
    public static final int MODE_LADYBUG
    public static final int MODE_BABYPLAN
    public static final java.lang.String SILKWORM_NAME
    public static final java.lang.String LADYBUG_NAME
    public static final int MOUSE_NORMAL_SUM
    public static final int MOUSE_CLICK_SUM
    public static final java.lang.String MOUSE_NORMAL_PIC
    public static final java.lang.String MOUSE_CLICK_PIC
    public static final int CLICKTIME_GAP
    public static final int GUIDE_BK_TOTAL_PIC
    public static final int GUIDE_TITLE_TOTAL_PIC
    public static final java.lang.String GUIDE_BK_TOTAL_PIC_DIR
    public static final java.lang.String GUIDE_TITLE_TOTAL_PIC_DIR
    public static final java.lang.String GUIDE_TITLE1_TOTAL_PIC_DIR
    public static final java.lang.String GUIDE_TITLE2_TOTAL_PIC_DIR
    public static final java.lang.String SND_DIR
    public static final java.lang.String SAVE_PATH
    public static final int SILKWORM_INDEX
    public static final int LADYBUG_INDEX
    public static final int MAX_OPUS
    public static final long K
    public static final long M
    public static final long MIN_DISK_SPACE
    public static final int OPUS_THUMB_WIDTH
    public static final int OPUS_THUMB_HEIGHT
    public static final int MAX_ITEM_PER_CANVAS
    public static final int DOODLE_COLOR_PAGES
    public static final int MAX_COLOR_PER_PAGE
...
android.support.v4.view.AccessibilityDelegateCompatIcs:
    28:30:AccessibilityDelegateCompatIcs()
android.support.v4.view.AccessibilityDelegateCompatJellyBean:
    30:32:AccessibilityDelegateCompatJellyBean()
android.support.v4.view.ActionProvider
android.support.v4.view.ActionProvider$SubUiVisibilityListener
android.support.v4.view.ActionProvider$VisibilityListener
android.support.v4.view.AsyncLayoutInflater
android.support.v4.view.AsyncLayoutInflater$1
android.support.v4.view.AsyncLayoutInflater$BasicInflater
android.support.v4.view.AsyncLayoutInflater$InflateRequest
android.support.v4.view.AsyncLayoutInflater$InflateThread
android.support.v4.view.AsyncLayoutInflater$OnInflateFinishedListener
android.support.v4.view.GestureDetectorCompat
android.support.v4.view.GestureDetectorCompat$GestureDetectorCompatImpl
android.support.v4.view.GestureDetectorCompat$GestureDetectorCompatImplBase
android.support.v4.view.GestureDetectorCompat$GestureDetectorCompatImplBase$GestureHandler
android.support.v4.view.GestureDetectorCompat$GestureDetectorCompatImplJellybeanMr2
android.support.v4.view.GravityCompat
android.support.v4.view.GravityCompat$GravityCompatImpl
android.support.v4.view.GravityCompat$GravityCompatImplBase
android.support.v4.view.GravityCompat$GravityCompatImplJellybeanMr1
android.support.v4.view.GravityCompatJellybeanMr1
android.support.v4.view.InputDeviceCompat
android.support.v4.view.KeyEventCompat:
    139:139:public static int normalizeMetaState(int)
    143:143:public static boolean metaStateHasModifiers(int,int)
    147:147:public static boolean metaStateHasNoModifiers(int)
    164:165:public static void startTracking(android.view.KeyEvent)
    173:173:public static boolean isTracking(android.view.KeyEvent)
    182:182:public static java.lang.Object getKeyDispatcherState(android.view.View)
    193:193:public static boolean dispatch(android.view.KeyEvent,android.view.KeyEvent$Callback,java.lang.Object,java.lang.Object)
    197:197:public static boolean isCtrlPressed(android.view.KeyEvent)
    200:200:private KeyEventCompat()
android.support.v4.view.KeyEventCompat$BaseKeyEventVersionImpl:
    private static final int META_MODIFIER_MASK
    private static final int META_ALL_MASK
    95:95:public boolean isCtrlPressed(android.view.KeyEvent)
android.support.v4.view.KeyEventCompat$HoneycombKeyEventVersionImpl:
    120:120:public boolean isCtrlPressed(android.view.KeyEvent)
android.support.v4.view.KeyEventCompat$KeyEventVersionImpl:
    public abstract int normalizeMetaState(int)
    public abstract boolean isCtrlPressed(android.view.KeyEvent)
android.support.v4.view.KeyEventCompatHoneycomb:
    24:24:KeyEventCompatHoneycomb()
    38:38:public static boolean isCtrlPressed(android.view.KeyEvent)
android.support.v4.view.LayoutInflaterCompat:
    74:75:private LayoutInflaterCompat()
    99:99:public static android.support.v4.view.LayoutInflaterFactory getFactory(android.view.LayoutInflater)
android.support.v4.view.LayoutInflaterCompat$LayoutInflaterCompatImpl:
    public abstract android.support.v4.view.LayoutInflaterFactory getFactory(android.view.LayoutInflater)
android.support.v4.view.LayoutInflaterCompat$LayoutInflaterCompatImplBase:
    41:41:public android.support.v4.view.LayoutInflaterFactory getFactory(android.view.LayoutInflater)
android.support.v4.view.LayoutInflaterCompatBase:
    24:26:LayoutInflaterCompatBase()
    49:53:static android.support.v4.view.LayoutInflaterFactory getFactory(android.view.LayoutInflater)
android.support.v4.view.LayoutInflaterCompatHC:
    private static final java.lang.String TAG
    28:34:LayoutInflaterCompatHC()
android.support.v4.view.LayoutInflaterCompatLollipop:
    22:22:LayoutInflaterCompatLollipop()
android.support.v4.view.MarginLayoutParamsCompat
android.support.v4.view.MarginLayoutParamsCompat$MarginLayoutParamsCompatImpl
android.support.v4.view.MarginLayoutParamsCompat$MarginLayoutParamsCompatImplBase